Vivado Simulator v2023.1
Copyright 1986-2022 Xilinx, Inc. All Rights Reserved.
Copyright 2022-2023 Advanced Micro Devices, Inc. All Rights Reserved.
Running: C:/Xilinx/Vivado/2023.1/bin/unwrapped/win64.o/xelab.exe --incr --debug typical --relax --mt 2 -L xil_defaultlib -L axi_infrastructure_v1_1_0 -L axi_vip_v1_1_14 -L processing_system7_vip_v1_0_16 -L axi_lite_ipif_v3_0_4 -L lib_cdc_v1_0_2 -L interrupt_control_v3_1_4 -L axi_gpio_v2_0_30 -L generic_baseblocks_v2_1_0 -L axi_register_slice_v2_1_28 -L fifo_generator_v13_2_8 -L axi_data_fifo_v2_1_27 -L axi_crossbar_v2_1_29 -L proc_sys_reset_v5_0_13 -L util_vector_logic_v2_0_2 -L axi_protocol_converter_v2_1_28 -L uvm -L xilinx_vip -L unisims_ver -L unimacro_ver -L secureip -L xpm --snapshot design_1_wrapper_behav xil_defaultlib.design_1_wrapper xil_defaultlib.glbl -log elaborate.log 
Using 2 slave threads.
Starting static elaboration
Pass Through NonSizing Optimizer
WARNING: [VRFC 10-3091] actual bit length 128 differs from formal bit length 64 for port 'WR_DATA_STRB' [/scratch/proj/xbuilds/SWIP/2023.1_0507_1903/infra/XSIM/lin/.cxl.ip/incl/processing_system7_vip_v1_0_16_axi_gp.v:208]
WARNING: [VRFC 10-3091] actual bit length 12 differs from formal bit length 6 for port 'm_axi_bid' [/wrk/ci/prod/2023.1/sw/continuous/3753/packages/customer/vivado/data/ip/xilinx/processing_system7_vip_v1_0/hdl/processing_system7_vip_v1_0_vl_rfs.sv:5546]
WARNING: [VRFC 10-3091] actual bit length 12 differs from formal bit length 6 for port 'm_axi_rid' [/wrk/ci/prod/2023.1/sw/continuous/3753/packages/customer/vivado/data/ip/xilinx/processing_system7_vip_v1_0/hdl/processing_system7_vip_v1_0_vl_rfs.sv:5564]
WARNING: [VRFC 10-3091] actual bit length 128 differs from formal bit length 64 for port 'WR_DATA_STRB' [/scratch/proj/xbuilds/SWIP/2023.1_0507_1903/infra/XSIM/lin/.cxl.ip/incl/processing_system7_vip_v1_0_16_axi_gp.v:292]
WARNING: [VRFC 10-3091] actual bit length 8 differs from formal bit length 9 for port 'WR_BYTES' [/scratch/proj/xbuilds/SWIP/2023.1_0507_1903/infra/XSIM/lin/.cxl.ip/incl/processing_system7_vip_v1_0_16_axi_hp.v:80]
WARNING: [VRFC 10-3091] actual bit length 8 differs from formal bit length 9 for port 'RD_BYTES' [/scratch/proj/xbuilds/SWIP/2023.1_0507_1903/infra/XSIM/lin/.cxl.ip/incl/processing_system7_vip_v1_0_16_axi_hp.v:89]
WARNING: [VRFC 10-3091] actual bit length 12 differs from formal bit length 6 for port 'm_axi_bid' [/wrk/ci/prod/2023.1/sw/continuous/3753/packages/customer/vivado/data/ip/xilinx/processing_system7_vip_v1_0/hdl/processing_system7_vip_v1_0_vl_rfs.sv:10256]
WARNING: [VRFC 10-3091] actual bit length 12 differs from formal bit length 6 for port 'm_axi_rid' [/wrk/ci/prod/2023.1/sw/continuous/3753/packages/customer/vivado/data/ip/xilinx/processing_system7_vip_v1_0/hdl/processing_system7_vip_v1_0_vl_rfs.sv:10274]
WARNING: [VRFC 10-3091] actual bit length 32 differs from formal bit length 64 for port 'm_axi_rdata' [/wrk/ci/prod/2023.1/sw/continuous/3753/packages/customer/vivado/data/ip/xilinx/processing_system7_vip_v1_0/hdl/processing_system7_vip_v1_0_vl_rfs.sv:10275]
WARNING: [VRFC 10-3091] actual bit length 8 differs from formal bit length 9 for port 'WR_BYTES' [/scratch/proj/xbuilds/SWIP/2023.1_0507_1903/infra/XSIM/lin/.cxl.ip/incl/processing_system7_vip_v1_0_16_axi_hp.v:165]
WARNING: [VRFC 10-3091] actual bit length 8 differs from formal bit length 9 for port 'RD_BYTES' [/scratch/proj/xbuilds/SWIP/2023.1_0507_1903/infra/XSIM/lin/.cxl.ip/incl/processing_system7_vip_v1_0_16_axi_hp.v:174]
WARNING: [VRFC 10-3091] actual bit length 8 differs from formal bit length 9 for port 'WR_BYTES' [/scratch/proj/xbuilds/SWIP/2023.1_0507_1903/infra/XSIM/lin/.cxl.ip/incl/processing_system7_vip_v1_0_16_axi_hp.v:251]
WARNING: [VRFC 10-3091] actual bit length 8 differs from formal bit length 9 for port 'RD_BYTES' [/scratch/proj/xbuilds/SWIP/2023.1_0507_1903/infra/XSIM/lin/.cxl.ip/incl/processing_system7_vip_v1_0_16_axi_hp.v:260]
WARNING: [VRFC 10-3091] actual bit length 8 differs from formal bit length 9 for port 'WR_BYTES' [/scratch/proj/xbuilds/SWIP/2023.1_0507_1903/infra/XSIM/lin/.cxl.ip/incl/processing_system7_vip_v1_0_16_axi_hp.v:337]
WARNING: [VRFC 10-3091] actual bit length 8 differs from formal bit length 9 for port 'RD_BYTES' [/scratch/proj/xbuilds/SWIP/2023.1_0507_1903/infra/XSIM/lin/.cxl.ip/incl/processing_system7_vip_v1_0_16_axi_hp.v:346]
WARNING: [VRFC 10-3091] actual bit length 12 differs from formal bit length 3 for port 'm_axi_bid' [/wrk/ci/prod/2023.1/sw/continuous/3753/packages/customer/vivado/data/ip/xilinx/processing_system7_vip_v1_0/hdl/processing_system7_vip_v1_0_vl_rfs.sv:7157]
WARNING: [VRFC 10-3091] actual bit length 12 differs from formal bit length 3 for port 'm_axi_rid' [/wrk/ci/prod/2023.1/sw/continuous/3753/packages/customer/vivado/data/ip/xilinx/processing_system7_vip_v1_0/hdl/processing_system7_vip_v1_0_vl_rfs.sv:7175]
WARNING: [VRFC 10-3091] actual bit length 32 differs from formal bit length 64 for port 'm_axi_rdata' [/wrk/ci/prod/2023.1/sw/continuous/3753/packages/customer/vivado/data/ip/xilinx/processing_system7_vip_v1_0/hdl/processing_system7_vip_v1_0_vl_rfs.sv:7176]
WARNING: [VRFC 10-5021] port 'EN' is not connected on this instance [C:/Users/40227910/16_bit_puf_new_balancing/16_bit_puf_new_balancing.ip_user_files/bd/design_1/sim/design_1.v:395]
WARNING: [VRFC 10-5021] port 'EN' is not connected on this instance [C:/Users/40227910/16_bit_puf_new_balancing/16_bit_puf_new_balancing.ip_user_files/bd/design_1/sim/design_1.v:416]
WARNING: [VRFC 10-5021] port 'EN' is not connected on this instance [C:/Users/40227910/16_bit_puf_new_balancing/16_bit_puf_new_balancing.ip_user_files/bd/design_1/sim/design_1.v:425]
WARNING: [VRFC 10-5021] port 'mb_reset' is not connected on this instance [C:/Users/40227910/16_bit_puf_new_balancing/16_bit_puf_new_balancing.ip_user_files/bd/design_1/sim/design_1.v:1111]
WARNING: [VRFC 10-5021] port 'ENET0_GMII_RXD' is not connected on this instance [C:/Users/40227910/16_bit_puf_new_balancing/16_bit_puf_new_balancing.ip_user_files/bd/design_1/ip/design_1_processing_system7_0_0/sim/design_1_processing_system7_0_0.v:199]
WARNING: [VRFC 10-3027] 'ocm_wr_strb_port0' was previously declared with a different range [/wrk/ci/prod/2023.1/sw/continuous/3753/packages/customer/vivado/data/ip/xilinx/processing_system7_vip_v1_0/hdl/processing_system7_vip_v1_0_vl_rfs.sv:3809]
WARNING: [VRFC 10-5021] port 'aclk2x' is not connected on this instance [/wrk/ci/prod/2023.1/sw/continuous/3753/packages/customer/vivado/data/ip/xilinx/axi_protocol_converter_v2_1/hdl/axi_protocol_converter_v2_1_vl_rfs.v:4376]
WARNING: [VRFC 10-5021] port 'aclk2x' is not connected on this instance [/wrk/ci/prod/2023.1/sw/continuous/3753/packages/customer/vivado/data/ip/xilinx/axi_protocol_converter_v2_1/hdl/axi_protocol_converter_v2_1_vl_rfs.v:4631]
WARNING: [VRFC 10-3705] select index 64 into 'wrp_strb' is out of bounds [/wrk/ci/prod/2023.1/sw/continuous/3753/packages/customer/vivado/data/ip/xilinx/processing_system7_vip_v1_0/hdl/processing_system7_vip_v1_0_vl_rfs.sv:6134]
WARNING: [VRFC 10-3705] select index 128 into 'wrp_strb' is out of bounds [/wrk/ci/prod/2023.1/sw/continuous/3753/packages/customer/vivado/data/ip/xilinx/processing_system7_vip_v1_0/hdl/processing_system7_vip_v1_0_vl_rfs.sv:10898]
WARNING: [VRFC 10-3705] select index 128 into 'wrp_strb' is out of bounds [/wrk/ci/prod/2023.1/sw/continuous/3753/packages/customer/vivado/data/ip/xilinx/processing_system7_vip_v1_0/hdl/processing_system7_vip_v1_0_vl_rfs.sv:7772]
WARNING: [VRFC 10-3705] select index 4 into 'wr_fifo_rd_ptr' is out of bounds [/wrk/ci/prod/2023.1/sw/continuous/3753/packages/customer/vivado/data/ip/xilinx/processing_system7_vip_v1_0/hdl/processing_system7_vip_v1_0_vl_rfs.sv:7985]
WARNING: [VRFC 10-3705] select index 4 into 'ar_cnt' is out of bounds [/wrk/ci/prod/2023.1/sw/continuous/3753/packages/customer/vivado/data/ip/xilinx/processing_system7_vip_v1_0/hdl/processing_system7_vip_v1_0_vl_rfs.sv:8124]
WARNING: [VRFC 10-3705] select index 4 into 'wr_rresp_cnt' is out of bounds [/wrk/ci/prod/2023.1/sw/continuous/3753/packages/customer/vivado/data/ip/xilinx/processing_system7_vip_v1_0/hdl/processing_system7_vip_v1_0_vl_rfs.sv:8221]
WARNING: [VRFC 10-3705] select index 4 into 'rd_fifo_wr_ptr' is out of bounds [/wrk/ci/prod/2023.1/sw/continuous/3753/packages/customer/vivado/data/ip/xilinx/processing_system7_vip_v1_0/hdl/processing_system7_vip_v1_0_vl_rfs.sv:8240]
WARNING: [VRFC 10-3705] select index 4 into 'rd_cnt' is out of bounds [/wrk/ci/prod/2023.1/sw/continuous/3753/packages/customer/vivado/data/ip/xilinx/processing_system7_vip_v1_0/hdl/processing_system7_vip_v1_0_vl_rfs.sv:8381]
WARNING: [VRFC 10-3705] select index 4 into 'rresp_time_cnt' is out of bounds [/wrk/ci/prod/2023.1/sw/continuous/3753/packages/customer/vivado/data/ip/xilinx/processing_system7_vip_v1_0/hdl/processing_system7_vip_v1_0_vl_rfs.sv:8386]
WARNING: [VRFC 10-3705] select index 4 into 'rd_fifo_rd_ptr' is out of bounds [/wrk/ci/prod/2023.1/sw/continuous/3753/packages/customer/vivado/data/ip/xilinx/processing_system7_vip_v1_0/hdl/processing_system7_vip_v1_0_vl_rfs.sv:8391]
Completed static elaboration
Starting simulation data flow analysis
Completed simulation data flow analysis
Time Resolution for simulation is 1ps
Compiling package std.standard
Compiling package std.textio
Compiling package ieee.std_logic_1164
Compiling package ieee.numeric_std
Compiling package ieee.std_logic_arith
Compiling package ieee.std_logic_unsigned
Compiling package synopsys.attributes
Compiling package ieee.std_logic_misc
Compiling package axi_lite_ipif_v3_0_4.ipif_pkg
Compiling package unisim.vcomponents
Compiling package ieee.vital_timing
Compiling package ieee.vital_primitives
Compiling package unisim.vpkg
Compiling package xilinx_vip.axi_vip_pkg
Compiling package xilinx_vip.xil_common_vip_pkg
Compiling package std.std
Compiling module unisims_ver.LUT4
Compiling module unisims_ver.LUT5
Compiling module xil_defaultlib.Comparator_v2
Compiling module xil_defaultlib.design_1_Comparator_v2_0_0
Compiling module xil_defaultlib.Comparator_v2_1
Compiling module xil_defaultlib.design_1_Comparator_v2_1_0_0
Compiling module xil_defaultlib.Comparator_v2_2
Compiling module xil_defaultlib.design_1_Comparator_v2_2_0_0
Compiling module unisims_ver.x_lut3_mux8
Compiling module unisims_ver.LUT3
Compiling module unisims_ver.FDCE_default
Compiling module xil_defaultlib.Counter_latch
Compiling module xil_defaultlib.design_1_Counter_latch_0_0
Compiling module unisims_ver.x_lut2_mux4
Compiling module unisims_ver.LUT2
Compiling module unisims_ver.x_lut1_mux2
Compiling module unisims_ver.LUT1
Compiling module xil_defaultlib.PUF_Controller
Compiling module xil_defaultlib.design_1_PUF_Controller_0_0
Compiling module xil_defaultlib.Test_CRO
Compiling module xil_defaultlib.design_1_Test_CRO_0_0
Compiling module xil_defaultlib.Test_CRO_1
Compiling module xil_defaultlib.design_1_Test_CRO_1_0_0
Compiling module xil_defaultlib.XOR_3bit
Compiling module xil_defaultlib.design_1_XOR_3bit_0_0
Compiling module unisims_ver.LUT6
Compiling module xil_defaultlib.XOR_64bit
Compiling module xil_defaultlib.design_1_XOR_64bit_0_0
Compiling architecture imp of entity axi_lite_ipif_v3_0_4.pselect_f [\pselect_f(c_ab=2,c_aw=2,c_bar="...]
Compiling architecture imp of entity axi_lite_ipif_v3_0_4.pselect_f [\pselect_f(c_ab=2,c_aw=2,c_bar="...]
Compiling architecture imp of entity axi_lite_ipif_v3_0_4.pselect_f [\pselect_f(c_ab=2,c_aw=2,c_bar="...]
Compiling architecture imp of entity axi_lite_ipif_v3_0_4.pselect_f [\pselect_f(c_ab=2,c_aw=2,c_bar="...]
Compiling architecture imp of entity axi_lite_ipif_v3_0_4.address_decoder [\address_decoder(c_bus_awidth=9,...]
Compiling architecture imp of entity axi_lite_ipif_v3_0_4.slave_attachment [\slave_attachment(c_ard_addr_ran...]
Compiling architecture imp of entity axi_lite_ipif_v3_0_4.axi_lite_ipif [\axi_lite_ipif(c_s_axi_addr_widt...]
Compiling architecture fdre_v of entity unisim.FDRE [fdre_default]
Compiling architecture fdr_v of entity unisim.FDR [fdr_default]
Compiling architecture implementation of entity lib_cdc_v1_0_2.cdc_sync [\cdc_sync(c_single_bit=0,c_mtbf_...]
Compiling architecture imp of entity axi_gpio_v2_0_30.GPIO_Core [\GPIO_Core(c_aw=9,c_all_outputs=...]
Compiling architecture imp of entity axi_gpio_v2_0_30.axi_gpio [\axi_gpio(c_family="zynq",c_all_...]
Compiling architecture design_1_axi_gpio_0_0_arch of entity xil_defaultlib.design_1_axi_gpio_0_0 [design_1_axi_gpio_0_0_default]
Compiling architecture implementation of entity lib_cdc_v1_0_2.cdc_sync [\cdc_sync(c_single_bit=0,c_vecto...]
Compiling architecture imp of entity axi_gpio_v2_0_30.GPIO_Core [\GPIO_Core(c_aw=9,c_gpio_width=1...]
Compiling architecture imp of entity axi_gpio_v2_0_30.axi_gpio [\axi_gpio(c_family="zynq",c_gpio...]
Compiling architecture design_1_axi_gpio_1_0_arch of entity xil_defaultlib.design_1_axi_gpio_1_0 [design_1_axi_gpio_1_0_default]
Compiling architecture implementation of entity lib_cdc_v1_0_2.cdc_sync [\cdc_sync(c_single_bit=0,c_vecto...]
Compiling architecture imp of entity axi_gpio_v2_0_30.GPIO_Core [\GPIO_Core(c_aw=9,c_gpio_width=1...]
Compiling architecture imp of entity axi_gpio_v2_0_30.axi_gpio [\axi_gpio(c_family="zynq",c_gpio...]
Compiling architecture design_1_axi_gpio_9_1_arch of entity xil_defaultlib.design_1_axi_gpio_9_1 [design_1_axi_gpio_9_1_default]
Compiling architecture design_1_axi_gpio_8_0_arch of entity xil_defaultlib.design_1_axi_gpio_8_0 [design_1_axi_gpio_8_0_default]
Compiling architecture imp of entity axi_gpio_v2_0_30.GPIO_Core [\GPIO_Core(c_aw=9,c_gpio_width=1...]
Compiling architecture imp of entity axi_gpio_v2_0_30.axi_gpio [\axi_gpio(c_family="zynq",c_gpio...]
Compiling architecture design_1_axi_gpio_4_1_arch of entity xil_defaultlib.design_1_axi_gpio_4_1 [design_1_axi_gpio_4_1_default]
Compiling architecture design_1_axi_gpio_0_1_arch of entity xil_defaultlib.design_1_axi_gpio_0_1 [design_1_axi_gpio_0_1_default]
Compiling architecture design_1_axi_gpio_2_0_arch of entity xil_defaultlib.design_1_axi_gpio_2_0 [design_1_axi_gpio_2_0_default]
Compiling architecture design_1_axi_gpio_3_1_arch of entity xil_defaultlib.design_1_axi_gpio_3_1 [design_1_axi_gpio_3_1_default]
Compiling architecture design_1_axi_gpio_3_0_arch of entity xil_defaultlib.design_1_axi_gpio_3_0 [design_1_axi_gpio_3_0_default]
Compiling architecture design_1_axi_gpio_4_0_arch of entity xil_defaultlib.design_1_axi_gpio_4_0 [design_1_axi_gpio_4_0_default]
Compiling architecture design_1_axi_gpio_5_0_arch of entity xil_defaultlib.design_1_axi_gpio_5_0 [design_1_axi_gpio_5_0_default]
Compiling architecture design_1_axi_gpio_6_0_arch of entity xil_defaultlib.design_1_axi_gpio_6_0 [design_1_axi_gpio_6_0_default]
Compiling architecture design_1_axi_gpio_7_0_arch of entity xil_defaultlib.design_1_axi_gpio_7_0 [design_1_axi_gpio_7_0_default]
Compiling architecture design_1_axi_gpio_7_1_arch of entity xil_defaultlib.design_1_axi_gpio_7_1 [design_1_axi_gpio_7_1_default]
Compiling module processing_system7_vip_v1_0_16.processing_system7_vip_v1_0_16_g...
Compiling module processing_system7_vip_v1_0_16.processing_system7_vip_v1_0_16_g...
Compiling module processing_system7_vip_v1_0_16.processing_system7_vip_v1_0_16_a...
Compiling module processing_system7_vip_v1_0_16.processing_system7_vip_v1_0_16_a...
Compiling module processing_system7_vip_v1_0_16.processing_system7_vip_v1_0_16_f...
Compiling module processing_system7_vip_v1_0_16.processing_system7_vip_v1_0_16_a...
Compiling module processing_system7_vip_v1_0_16.processing_system7_vip_v1_0_16_a...
Compiling module processing_system7_vip_v1_0_16.processing_system7_vip_v1_0_16_a...
Compiling module processing_system7_vip_v1_0_16.processing_system7_vip_v1_0_16_a...
Compiling module processing_system7_vip_v1_0_16.processing_system7_vip_v1_0_16_s...
Compiling module processing_system7_vip_v1_0_16.processing_system7_vip_v1_0_16_i...
Compiling module processing_system7_vip_v1_0_16.processing_system7_vip_v1_0_16_s...
Compiling module processing_system7_vip_v1_0_16.processing_system7_vip_v1_0_16_d...
Compiling module processing_system7_vip_v1_0_16.processing_system7_vip_v1_0_16_o...
Compiling module processing_system7_vip_v1_0_16.processing_system7_vip_v1_0_16_o...
Compiling module processing_system7_vip_v1_0_16.processing_system7_vip_v1_0_16_r...
Compiling module processing_system7_vip_v1_0_16.processing_system7_vip_v1_0_16_r...
Compiling module xilinx_vip.axi_vip_axi4pc(WDATA_WIDTH=32,RD...
Compiling module xilinx_vip.cb
Compiling module xilinx_vip.axi_vip_if(C_AXI_PROTOCOL=1,C_AX...
Compiling module axi_vip_v1_1_14.axi_vip_v1_1_14_top(C_AXI_PROTOC...
Compiling module processing_system7_vip_v1_0_16.processing_system7_vip_v1_0_16_a...
Compiling module processing_system7_vip_v1_0_16.processing_system7_vip_v1_0_16_a...
Compiling module xilinx_vip.axi_vip_axi4pc(WDATA_WIDTH=32,RD...
Compiling module xilinx_vip.cb
Compiling module xilinx_vip.axi_vip_if(C_AXI_PROTOCOL=1,C_AX...
Compiling module axi_vip_v1_1_14.axi_vip_v1_1_14_top(C_AXI_PROTOC...
WARNING: [VRFC 10-3705] select index 64 into 'wrp_strb' is out of bounds [/wrk/ci/prod/2023.1/sw/continuous/3753/packages/customer/vivado/data/ip/xilinx/processing_system7_vip_v1_0/hdl/processing_system7_vip_v1_0_vl_rfs.sv:6134]
Compiling module processing_system7_vip_v1_0_16.processing_system7_vip_v1_0_16_a...
Compiling module processing_system7_vip_v1_0_16.processing_system7_vip_v1_0_16_a...
Compiling module xilinx_vip.axi_vip_axi4pc(PROTOCOL=1,RID_WI...
Compiling module xilinx_vip.cb
Compiling module xilinx_vip.axi_vip_if(C_AXI_PROTOCOL=1,C_AX...
Compiling module axi_vip_v1_1_14.axi_vip_v1_1_14_top(C_AXI_PROTOC...
Compiling module processing_system7_vip_v1_0_16.processing_system7_vip_v1_0_16_i...
WARNING: [VRFC 10-3705] select index 128 into 'wrp_strb' is out of bounds [/wrk/ci/prod/2023.1/sw/continuous/3753/packages/customer/vivado/data/ip/xilinx/processing_system7_vip_v1_0/hdl/processing_system7_vip_v1_0_vl_rfs.sv:10898]
Compiling module processing_system7_vip_v1_0_16.processing_system7_vip_v1_0_16_a...
Compiling module processing_system7_vip_v1_0_16.processing_system7_vip_v1_0_16_a...
Compiling module processing_system7_vip_v1_0_16.processing_system7_vip_v1_0_16_a...
Compiling module processing_system7_vip_v1_0_16.processing_system7_vip_v1_0_16_a...
Compiling module xilinx_vip.axi_vip_axi4pc(PROTOCOL=1,RID_WI...
Compiling module xilinx_vip.cb
Compiling module xilinx_vip.axi_vip_if(C_AXI_PROTOCOL=1,C_AX...
Compiling module axi_vip_v1_1_14.axi_vip_v1_1_14_top(C_AXI_PROTOC...
WARNING: [VRFC 10-3705] select index 128 into 'wrp_strb' is out of bounds [/wrk/ci/prod/2023.1/sw/continuous/3753/packages/customer/vivado/data/ip/xilinx/processing_system7_vip_v1_0/hdl/processing_system7_vip_v1_0_vl_rfs.sv:7772]
WARNING: [VRFC 10-3705] select index 4 into 'wr_fifo_rd_ptr' is out of bounds [/wrk/ci/prod/2023.1/sw/continuous/3753/packages/customer/vivado/data/ip/xilinx/processing_system7_vip_v1_0/hdl/processing_system7_vip_v1_0_vl_rfs.sv:7985]
WARNING: [VRFC 10-3705] select index 4 into 'ar_cnt' is out of bounds [/wrk/ci/prod/2023.1/sw/continuous/3753/packages/customer/vivado/data/ip/xilinx/processing_system7_vip_v1_0/hdl/processing_system7_vip_v1_0_vl_rfs.sv:8124]
WARNING: [VRFC 10-3705] select index 4 into 'wr_rresp_cnt' is out of bounds [/wrk/ci/prod/2023.1/sw/continuous/3753/packages/customer/vivado/data/ip/xilinx/processing_system7_vip_v1_0/hdl/processing_system7_vip_v1_0_vl_rfs.sv:8221]
WARNING: [VRFC 10-3705] select index 4 into 'rd_fifo_wr_ptr' is out of bounds [/wrk/ci/prod/2023.1/sw/continuous/3753/packages/customer/vivado/data/ip/xilinx/processing_system7_vip_v1_0/hdl/processing_system7_vip_v1_0_vl_rfs.sv:8240]
WARNING: [VRFC 10-3705] select index 4 into 'rd_cnt' is out of bounds [/wrk/ci/prod/2023.1/sw/continuous/3753/packages/customer/vivado/data/ip/xilinx/processing_system7_vip_v1_0/hdl/processing_system7_vip_v1_0_vl_rfs.sv:8381]
WARNING: [VRFC 10-3705] select index 4 into 'rresp_time_cnt' is out of bounds [/wrk/ci/prod/2023.1/sw/continuous/3753/packages/customer/vivado/data/ip/xilinx/processing_system7_vip_v1_0/hdl/processing_system7_vip_v1_0_vl_rfs.sv:8386]
WARNING: [VRFC 10-3705] select index 4 into 'rd_fifo_rd_ptr' is out of bounds [/wrk/ci/prod/2023.1/sw/continuous/3753/packages/customer/vivado/data/ip/xilinx/processing_system7_vip_v1_0/hdl/processing_system7_vip_v1_0_vl_rfs.sv:8391]
Compiling module processing_system7_vip_v1_0_16.processing_system7_vip_v1_0_16_a...
Compiling module processing_system7_vip_v1_0_16.processing_system7_vip_v1_0_16(C...
Compiling module xil_defaultlib.design_1_processing_system7_0_0
Compiling module xil_defaultlib.m00_couplers_imp_15SPJYW
Compiling module xil_defaultlib.m01_couplers_imp_XU9C55
Compiling module xil_defaultlib.m02_couplers_imp_14WQB4R
Compiling module xil_defaultlib.m03_couplers_imp_YFYJ3U
Compiling module xil_defaultlib.m04_couplers_imp_17KQ732
Compiling module xil_defaultlib.m05_couplers_imp_VQEDA7
Compiling module xil_defaultlib.m06_couplers_imp_16EQN6L
Compiling module xil_defaultlib.m07_couplers_imp_X61OAK
Compiling module xil_defaultlib.m08_couplers_imp_1024TAS
Compiling module xil_defaultlib.m09_couplers_imp_UP9YUT
Compiling module xil_defaultlib.m10_couplers_imp_I40Q9S
Compiling module xil_defaultlib.m11_couplers_imp_1CATNTT
Compiling module xil_defaultlib.m12_couplers_imp_J0YUF7
Compiling module xil_defaultlib.m13_couplers_imp_1BNKOKI
Compiling module axi_infrastructure_v1_1_0.axi_infrastructure_v1_1_0_axi2ve...
Compiling module axi_infrastructure_v1_1_0.axi_infrastructure_v1_1_0_vector...
Compiling module axi_register_slice_v2_1_28.axi_register_slice_v2_1_28_axic_...
Compiling module axi_register_slice_v2_1_28.axi_register_slice_v2_1_28_axic_...
Compiling module axi_register_slice_v2_1_28.axi_register_slice_v2_1_28_axic_...
Compiling module axi_register_slice_v2_1_28.axi_register_slice_v2_1_28_axic_...
Compiling module axi_register_slice_v2_1_28.axi_register_slice_v2_1_28_axi_r...
Compiling module axi_protocol_converter_v2_1_28.axi_protocol_converter_v2_1_28_b...
Compiling module axi_protocol_converter_v2_1_28.axi_protocol_converter_v2_1_28_b...
Compiling module axi_protocol_converter_v2_1_28.axi_protocol_converter_v2_1_28_b...
Compiling module axi_protocol_converter_v2_1_28.axi_protocol_converter_v2_1_28_b...
Compiling module axi_protocol_converter_v2_1_28.axi_protocol_converter_v2_1_28_b...
Compiling module axi_protocol_converter_v2_1_28.axi_protocol_converter_v2_1_28_b...
Compiling module axi_protocol_converter_v2_1_28.axi_protocol_converter_v2_1_28_b...
Compiling module axi_protocol_converter_v2_1_28.axi_protocol_converter_v2_1_28_b...
Compiling module axi_protocol_converter_v2_1_28.axi_protocol_converter_v2_1_28_b...
Compiling module axi_protocol_converter_v2_1_28.axi_protocol_converter_v2_1_28_b...
Compiling module axi_protocol_converter_v2_1_28.axi_protocol_converter_v2_1_28_b...
Compiling module axi_protocol_converter_v2_1_28.axi_protocol_converter_v2_1_28_b...
Compiling module axi_protocol_converter_v2_1_28.axi_protocol_converter_v2_1_28_b...
Compiling module axi_infrastructure_v1_1_0.axi_infrastructure_v1_1_0_axi2ve...
Compiling module axi_infrastructure_v1_1_0.axi_infrastructure_v1_1_0_vector...
Compiling module axi_register_slice_v2_1_28.axi_register_slice_v2_1_28_axic_...
Compiling module axi_register_slice_v2_1_28.axi_register_slice_v2_1_28_axic_...
Compiling module axi_register_slice_v2_1_28.axi_register_slice_v2_1_28_axic_...
Compiling module axi_register_slice_v2_1_28.axi_register_slice_v2_1_28_axic_...
Compiling module axi_register_slice_v2_1_28.axi_register_slice_v2_1_28_axi_r...
Compiling module axi_protocol_converter_v2_1_28.axi_protocol_converter_v2_1_28_b...
Compiling module axi_protocol_converter_v2_1_28.axi_protocol_converter_v2_1_28_a...
Compiling module xil_defaultlib.design_1_auto_pc_0
Compiling module xil_defaultlib.s00_couplers_imp_UYSKKA
Compiling module axi_crossbar_v2_1_29.axi_crossbar_v2_1_29_addr_arbite...
Compiling module generic_baseblocks_v2_1_0.generic_baseblocks_v2_1_0_carry_...
Compiling module generic_baseblocks_v2_1_0.generic_baseblocks_v2_1_0_compar...
Compiling module generic_baseblocks_v2_1_0.generic_baseblocks_v2_1_0_compar...
Compiling module generic_baseblocks_v2_1_0.generic_baseblocks_v2_1_0_compar...
Compiling module generic_baseblocks_v2_1_0.generic_baseblocks_v2_1_0_compar...
Compiling module generic_baseblocks_v2_1_0.generic_baseblocks_v2_1_0_compar...
Compiling module generic_baseblocks_v2_1_0.generic_baseblocks_v2_1_0_compar...
Compiling module generic_baseblocks_v2_1_0.generic_baseblocks_v2_1_0_compar...
Compiling module generic_baseblocks_v2_1_0.generic_baseblocks_v2_1_0_compar...
Compiling module generic_baseblocks_v2_1_0.generic_baseblocks_v2_1_0_compar...
Compiling module generic_baseblocks_v2_1_0.generic_baseblocks_v2_1_0_compar...
Compiling module generic_baseblocks_v2_1_0.generic_baseblocks_v2_1_0_compar...
Compiling module generic_baseblocks_v2_1_0.generic_baseblocks_v2_1_0_compar...
Compiling module generic_baseblocks_v2_1_0.generic_baseblocks_v2_1_0_compar...
Compiling module generic_baseblocks_v2_1_0.generic_baseblocks_v2_1_0_compar...
Compiling module axi_crossbar_v2_1_29.axi_crossbar_v2_1_29_addr_decode...
Compiling module axi_crossbar_v2_1_29.axi_crossbar_v2_1_29_splitter(C_...
Compiling module axi_crossbar_v2_1_29.axi_crossbar_v2_1_29_splitter
Compiling module generic_baseblocks_v2_1_0.generic_baseblocks_v2_1_0_mux_en...
Compiling module generic_baseblocks_v2_1_0.generic_baseblocks_v2_1_0_mux_en...
Compiling module generic_baseblocks_v2_1_0.generic_baseblocks_v2_1_0_mux_en...
Compiling module axi_register_slice_v2_1_28.axi_register_slice_v2_1_28_axic_...
Compiling module generic_baseblocks_v2_1_0.generic_baseblocks_v2_1_0_mux_en...
Compiling module axi_crossbar_v2_1_29.axi_crossbar_v2_1_29_decerr_slav...
Compiling module axi_crossbar_v2_1_29.axi_crossbar_v2_1_29_crossbar_sa...
Compiling module axi_crossbar_v2_1_29.axi_crossbar_v2_1_29_axi_crossba...
Compiling module xil_defaultlib.design_1_xbar_0
Compiling module xil_defaultlib.design_1_ps7_0_axi_periph_0
Compiling architecture fdre_v of entity unisim.FDRE [\FDRE(init='1')\]
Compiling architecture implementation of entity lib_cdc_v1_0_2.cdc_sync [\cdc_sync(c_vector_width=2,c_mtb...]
Compiling architecture srl16e_v of entity unisim.SRL16E [\SRL16E(init="1111111111111111")...]
Compiling architecture srl16_v of entity unisim.SRL16 [\SRL16(init="1111111111111111")(...]
Compiling architecture imp of entity proc_sys_reset_v5_0_13.lpf [\lpf(c_ext_rst_width=4,c_aux_rst...]
Compiling architecture imp of entity proc_sys_reset_v5_0_13.upcnt_n [\upcnt_n(c_size=6)\]
Compiling architecture imp of entity proc_sys_reset_v5_0_13.sequence_psr [sequence_psr_default]
Compiling architecture imp of entity proc_sys_reset_v5_0_13.proc_sys_reset [\proc_sys_reset(c_family="zynq",...]
Compiling architecture design_1_rst_ps7_0_100m_0_arch of entity xil_defaultlib.design_1_rst_ps7_0_100M_0 [design_1_rst_ps7_0_100m_0_defaul...]
Compiling module util_vector_logic_v2_0_2.util_vector_logic_v2_0_2_util_ve...
Compiling module xil_defaultlib.design_1_util_vector_logic_0_0
Compiling module xil_defaultlib.design_1
Compiling module xil_defaultlib.design_1_wrapper
Compiling module xil_defaultlib.glbl
Built simulation snapshot design_1_wrapper_behav
