INFO: [VRFC 10-2263] Analyzing Verilog file "C:/Users/40227910/16_bit_puf_new_balancing/16_bit_puf_new_balancing.srcs/sources_1/imports/40227910/16_bit_puf/16_bit_puf.srcs/sources_1/new/Comparator.v" into library xil_defaultlib
INFO: [VRFC 10-311] analyzing module Comparator_v2
INFO: [VRFC 10-2263] Analyzing Verilog file "C:/Users/40227910/16_bit_puf_new_balancing/16_bit_puf_new_balancing.srcs/sources_1/new/Comparator_V2_1.v" into library xil_defaultlib
INFO: [VRFC 10-311] analyzing module Comparator_v2_1
INFO: [VRFC 10-2263] Analyzing Verilog file "C:/Users/40227910/16_bit_puf_new_balancing/16_bit_puf_new_balancing.srcs/sources_1/new/Comparator_V2_2.v" into library xil_defaultlib
INFO: [VRFC 10-311] analyzing module Comparator_v2_2
INFO: [VRFC 10-2263] Analyzing Verilog file "C:/Users/40227910/16_bit_puf_new_balancing/16_bit_puf_new_balancing.srcs/sources_1/new/XOR_3bit.v" into library xil_defaultlib
INFO: [VRFC 10-311] analyzing module XOR_3bit
INFO: [VRFC 10-2263] Analyzing Verilog file "C:/Users/40227910/16_bit_puf_new_balancing/16_bit_puf_new_balancing.srcs/sources_1/new/Counter_latch.v" into library xil_defaultlib
INFO: [VRFC 10-311] analyzing module Counter_latch
INFO: [VRFC 10-2263] Analyzing Verilog file "C:/Users/40227910/16_bit_puf_new_balancing/16_bit_puf_new_balancing.srcs/sources_1/new/Test_CRO_1.v" into library xil_defaultlib
INFO: [VRFC 10-311] analyzing module Test_CRO_1
INFO: [VRFC 10-2263] Analyzing Verilog file "C:/Users/40227910/16_bit_puf_new_balancing/16_bit_puf_new_balancing.srcs/sources_1/new/Test_delay_lines.v" into library xil_defaultlib
INFO: [VRFC 10-311] analyzing module Test_CRO
INFO: [VRFC 10-2263] Analyzing Verilog file "C:/Users/40227910/16_bit_puf_new_balancing/16_bit_puf_new_balancing.srcs/sources_1/new/PUF_Controller.v" into library xil_defaultlib
INFO: [VRFC 10-311] analyzing module PUF_Controller
INFO: [VRFC 10-2263] Analyzing Verilog file "C:/Users/40227910/16_bit_puf_new_balancing/16_bit_puf_new_balancing.srcs/sources_1/new/XOR_64bit.v" into library xil_defaultlib
INFO: [VRFC 10-311] analyzing module XOR_64bit
INFO: [VRFC 10-2263] Analyzing Verilog file "C:/Users/40227910/16_bit_puf_new_balancing/16_bit_puf_new_balancing.ip_user_files/bd/design_1/ip/design_1_processing_system7_0_0/sim/design_1_processing_system7_0_0.v" into library xil_defaultlib
INFO: [VRFC 10-311] analyzing module design_1_processing_system7_0_0
INFO: [VRFC 10-2263] Analyzing Verilog file "C:/Users/40227910/16_bit_puf_new_balancing/16_bit_puf_new_balancing.ip_user_files/bd/design_1/ip/design_1_xbar_0/sim/design_1_xbar_0.v" into library xil_defaultlib
INFO: [VRFC 10-311] analyzing module design_1_xbar_0
INFO: [VRFC 10-2263] Analyzing Verilog file "C:/Users/40227910/16_bit_puf_new_balancing/16_bit_puf_new_balancing.ip_user_files/bd/design_1/ip/design_1_Comparator_v2_0_0/sim/design_1_Comparator_v2_0_0.v" into library xil_defaultlib
INFO: [VRFC 10-311] analyzing module design_1_Comparator_v2_0_0
INFO: [VRFC 10-2263] Analyzing Verilog file "C:/Users/40227910/16_bit_puf_new_balancing/16_bit_puf_new_balancing.ip_user_files/bd/design_1/ip/design_1_Comparator_v2_1_0_0/sim/design_1_Comparator_v2_1_0_0.v" into library xil_defaultlib
INFO: [VRFC 10-311] analyzing module design_1_Comparator_v2_1_0_0
INFO: [VRFC 10-2263] Analyzing Verilog file "C:/Users/40227910/16_bit_puf_new_balancing/16_bit_puf_new_balancing.ip_user_files/bd/design_1/ip/design_1_Comparator_v2_2_0_0/sim/design_1_Comparator_v2_2_0_0.v" into library xil_defaultlib
INFO: [VRFC 10-311] analyzing module design_1_Comparator_v2_2_0_0
INFO: [VRFC 10-2263] Analyzing Verilog file "C:/Users/40227910/16_bit_puf_new_balancing/16_bit_puf_new_balancing.ip_user_files/bd/design_1/ip/design_1_XOR_3bit_0_0/sim/design_1_XOR_3bit_0_0.v" into library xil_defaultlib
INFO: [VRFC 10-311] analyzing module design_1_XOR_3bit_0_0
INFO: [VRFC 10-2263] Analyzing Verilog file "C:/Users/40227910/16_bit_puf_new_balancing/16_bit_puf_new_balancing.ip_user_files/bd/design_1/ip/design_1_Counter_latch_0_0/sim/design_1_Counter_latch_0_0.v" into library xil_defaultlib
INFO: [VRFC 10-311] analyzing module design_1_Counter_latch_0_0
INFO: [VRFC 10-2263] Analyzing Verilog file "C:/Users/40227910/16_bit_puf_new_balancing/16_bit_puf_new_balancing.ip_user_files/bd/design_1/ip/design_1_Test_CRO_1_0_0/sim/design_1_Test_CRO_1_0_0.v" into library xil_defaultlib
INFO: [VRFC 10-311] analyzing module design_1_Test_CRO_1_0_0
INFO: [VRFC 10-2263] Analyzing Verilog file "C:/Users/40227910/16_bit_puf_new_balancing/16_bit_puf_new_balancing.ip_user_files/bd/design_1/ip/design_1_Test_CRO_0_0/sim/design_1_Test_CRO_0_0.v" into library xil_defaultlib
INFO: [VRFC 10-311] analyzing module design_1_Test_CRO_0_0
INFO: [VRFC 10-2263] Analyzing Verilog file "C:/Users/40227910/16_bit_puf_new_balancing/16_bit_puf_new_balancing.ip_user_files/bd/design_1/ip/design_1_PUF_Controller_0_0/sim/design_1_PUF_Controller_0_0.v" into library xil_defaultlib
INFO: [VRFC 10-311] analyzing module design_1_PUF_Controller_0_0
INFO: [VRFC 10-2263] Analyzing Verilog file "C:/Users/40227910/16_bit_puf_new_balancing/16_bit_puf_new_balancing.ip_user_files/bd/design_1/ip/design_1_util_vector_logic_0_0_1/sim/design_1_util_vector_logic_0_0.v" into library xil_defaultlib
INFO: [VRFC 10-311] analyzing module design_1_util_vector_logic_0_0
INFO: [VRFC 10-2263] Analyzing Verilog file "C:/Users/40227910/16_bit_puf_new_balancing/16_bit_puf_new_balancing.ip_user_files/bd/design_1/ip/design_1_XOR_64bit_0_0/sim/design_1_XOR_64bit_0_0.v" into library xil_defaultlib
INFO: [VRFC 10-311] analyzing module design_1_XOR_64bit_0_0
INFO: [VRFC 10-2263] Analyzing Verilog file "C:/Users/40227910/16_bit_puf_new_balancing/16_bit_puf_new_balancing.ip_user_files/bd/design_1/sim/design_1.v" into library xil_defaultlib
INFO: [VRFC 10-311] analyzing module design_1
INFO: [VRFC 10-311] analyzing module design_1_ps7_0_axi_periph_0
INFO: [VRFC 10-311] analyzing module m00_couplers_imp_15SPJYW
INFO: [VRFC 10-311] analyzing module m01_couplers_imp_XU9C55
INFO: [VRFC 10-311] analyzing module m02_couplers_imp_14WQB4R
INFO: [VRFC 10-311] analyzing module m03_couplers_imp_YFYJ3U
INFO: [VRFC 10-311] analyzing module m04_couplers_imp_17KQ732
INFO: [VRFC 10-311] analyzing module m05_couplers_imp_VQEDA7
INFO: [VRFC 10-311] analyzing module m06_couplers_imp_16EQN6L
INFO: [VRFC 10-311] analyzing module m07_couplers_imp_X61OAK
INFO: [VRFC 10-311] analyzing module m08_couplers_imp_1024TAS
INFO: [VRFC 10-311] analyzing module m09_couplers_imp_UP9YUT
INFO: [VRFC 10-311] analyzing module m10_couplers_imp_I40Q9S
INFO: [VRFC 10-311] analyzing module m11_couplers_imp_1CATNTT
INFO: [VRFC 10-311] analyzing module m12_couplers_imp_J0YUF7
INFO: [VRFC 10-311] analyzing module m13_couplers_imp_1BNKOKI
INFO: [VRFC 10-311] analyzing module s00_couplers_imp_UYSKKA
INFO: [VRFC 10-2263] Analyzing Verilog file "C:/Users/40227910/16_bit_puf_new_balancing/16_bit_puf_new_balancing.ip_user_files/bd/design_1/ip/design_1_auto_pc_0/sim/design_1_auto_pc_0.v" into library xil_defaultlib
INFO: [VRFC 10-311] analyzing module design_1_auto_pc_0
INFO: [VRFC 10-2263] Analyzing Verilog file "C:/Users/40227910/16_bit_puf_new_balancing/16_bit_puf_new_balancing.gen/sources_1/bd/design_1/hdl/design_1_wrapper.v" into library xil_defaultlib
INFO: [VRFC 10-311] analyzing module design_1_wrapper
