Copyright 1986-2022 Xilinx, Inc. All Rights Reserved. Copyright 2022-2023 Advanced Micro Devices, Inc. All Rights Reserved.
---------------------------------------------------------------------------------------------------------------------------------------------
| Tool Version : Vivado v.2023.1.1 (win64) Build 3900603 Fri Jun 16 19:31:24 MDT 2023
| Date         : Fri Dec 20 22:54:40 2024
| Host         : ECIT80703 running 64-bit major release  (build 9200)
| Command      : report_control_sets -verbose -file design_1_wrapper_control_sets_placed.rpt
| Design       : design_1_wrapper
| Device       : xc7z010
---------------------------------------------------------------------------------------------------------------------------------------------

Control Set Information

Table of Contents
-----------------
1. Summary
2. Histogram
3. Flip-Flop Distribution
4. Detailed Control Set Information

1. Summary
----------

+----------------------------------------------------------+-------+
|                          Status                          | Count |
+----------------------------------------------------------+-------+
| Total control sets                                       |   113 |
|    Minimum number of control sets                        |   113 |
|    Addition due to synthesis replication                 |     0 |
|    Addition due to physical synthesis replication        |     0 |
| Unused register locations in slices containing registers |   498 |
+----------------------------------------------------------+-------+
* Control sets can be merged at opt_design using control_set_merge or merge_equivalent_drivers
** Run report_qor_suggestions for automated merging and remapping suggestions


2. Histogram
------------

+--------------------+-------+
|       Fanout       | Count |
+--------------------+-------+
| Total control sets |   113 |
| >= 0 to < 4        |    44 |
| >= 4 to < 6        |    30 |
| >= 6 to < 8        |     1 |
| >= 8 to < 10       |     1 |
| >= 10 to < 12      |     1 |
| >= 12 to < 14      |     5 |
| >= 14 to < 16      |     3 |
| >= 16              |    28 |
+--------------------+-------+
* Control sets can be remapped at either synth_design or opt_design


3. Flip-Flop Distribution
-------------------------

+--------------+-----------------------+------------------------+-----------------+--------------+
| Clock Enable | Synchronous Set/Reset | Asynchronous Set/Reset | Total Registers | Total Slices |
+--------------+-----------------------+------------------------+-----------------+--------------+
| No           | No                    | No                     |             206 |           77 |
| No           | No                    | Yes                    |               4 |            4 |
| No           | Yes                   | No                     |             349 |          113 |
| Yes          | No                    | No                     |             460 |          118 |
| Yes          | No                    | Yes                    |              35 |           35 |
| Yes          | Yes                   | No                     |             240 |           73 |
+--------------+-----------------------+------------------------+-----------------+--------------+


4. Detailed Control Set Information
-----------------------------------

+---------------------------------------------------------+----------------------------------------------------------------------------------------------------------------------------------------------------------------+-------------------------------------------------------------------------------------------------------------------------------------------------------+------------------+----------------+--------------+
|                       Clock Signal                      |                                                                          Enable Signal                                                                         |                                                                    Set/Reset Signal                                                                   | Slice Load Count | Bel Load Count | Bels / Slice |
+---------------------------------------------------------+----------------------------------------------------------------------------------------------------------------------------------------------------------------+-------------------------------------------------------------------------------------------------------------------------------------------------------+------------------+----------------+--------------+
|  design_1_i/Test_CRO_1/inst/Q_3_1                       | design_1_i/PUF_Controller_0/inst/CE                                                                                                                            | design_1_i/PUF_Controller_0/inst/CLR                                                                                                                  |                1 |              1 |         1.00 |
|  design_1_i/Test_CRO_1/inst/Q_8_1                       | design_1_i/PUF_Controller_0/inst/CE                                                                                                                            | design_1_i/PUF_Controller_0/inst/CLR                                                                                                                  |                1 |              1 |         1.00 |
|  design_1_i/Test_CRO_1/inst/Q_5_1                       | design_1_i/PUF_Controller_0/inst/CE                                                                                                                            | design_1_i/PUF_Controller_0/inst/CLR                                                                                                                  |                1 |              1 |         1.00 |
|  design_1_i/Test_CRO_1/inst/Q_2_1                       | design_1_i/PUF_Controller_0/inst/CE                                                                                                                            | design_1_i/PUF_Controller_0/inst/CLR                                                                                                                  |                1 |              1 |         1.00 |
|  design_1_i/Test_CRO_1/inst/Q_10_1                      | design_1_i/PUF_Controller_0/inst/CE                                                                                                                            | design_1_i/PUF_Controller_0/inst/CLR                                                                                                                  |                1 |              1 |         1.00 |
|  design_1_i/Test_CRO_1/inst/Q_0_1                       | design_1_i/PUF_Controller_0/inst/CE                                                                                                                            | design_1_i/PUF_Controller_0/inst/CLR                                                                                                                  |                1 |              1 |         1.00 |
|  design_1_i/Test_CRO_1/inst/Q_9_1                       | design_1_i/PUF_Controller_0/inst/CE                                                                                                                            | design_1_i/PUF_Controller_0/inst/CLR                                                                                                                  |                1 |              1 |         1.00 |
|  design_1_i/Test_CRO_1/inst/Q_13_1                      | design_1_i/PUF_Controller_0/inst/CE                                                                                                                            | design_1_i/PUF_Controller_0/inst/CLR                                                                                                                  |                1 |              1 |         1.00 |
|  design_1_i/Test_CRO_1/inst/to_counter                  | design_1_i/PUF_Controller_0/inst/CE                                                                                                                            | design_1_i/PUF_Controller_0/inst/CLR                                                                                                                  |                1 |              1 |         1.00 |
|  design_1_i/Test_CRO_1/inst/Q_12_1                      | design_1_i/PUF_Controller_0/inst/CE                                                                                                                            | design_1_i/PUF_Controller_0/inst/CLR                                                                                                                  |                1 |              1 |         1.00 |
|  design_1_i/Test_CRO_1/inst/Q_7_1                       | design_1_i/PUF_Controller_0/inst/CE                                                                                                                            | design_1_i/PUF_Controller_0/inst/CLR                                                                                                                  |                1 |              1 |         1.00 |
|  design_1_i/Test_CRO_1/inst/Q_11_1                      | design_1_i/PUF_Controller_0/inst/CE                                                                                                                            | design_1_i/PUF_Controller_0/inst/CLR                                                                                                                  |                1 |              1 |         1.00 |
|  design_1_i/Test_CRO_1/inst/Q_4_1                       | design_1_i/PUF_Controller_0/inst/CE                                                                                                                            | design_1_i/PUF_Controller_0/inst/CLR                                                                                                                  |                1 |              1 |         1.00 |
|  design_1_i/Test_CRO_1/inst/Q_1_1                       | design_1_i/PUF_Controller_0/inst/CE                                                                                                                            | design_1_i/PUF_Controller_0/inst/CLR                                                                                                                  |                1 |              1 |         1.00 |
|  design_1_i/Test_CRO_1/inst/Q_6_1                       | design_1_i/PUF_Controller_0/inst/CE                                                                                                                            | design_1_i/PUF_Controller_0/inst/CLR                                                                                                                  |                1 |              1 |         1.00 |
|  design_1_i/Test_CRO_1/inst/Q_14_1                      | design_1_i/PUF_Controller_0/inst/CE                                                                                                                            | design_1_i/PUF_Controller_0/inst/CLR                                                                                                                  |                1 |              1 |         1.00 |
|  design_1_i/Test_CRO_0/inst/Q_1_1                       | design_1_i/PUF_Controller_0/inst/CE                                                                                                                            | design_1_i/PUF_Controller_0/inst/CLR                                                                                                                  |                1 |              1 |         1.00 |
|  design_1_i/Test_CRO_0/inst/Q_2_1                       | design_1_i/PUF_Controller_0/inst/CE                                                                                                                            | design_1_i/PUF_Controller_0/inst/CLR                                                                                                                  |                1 |              1 |         1.00 |
|  design_1_i/Test_CRO_0/inst/Q_0_1                       | design_1_i/PUF_Controller_0/inst/CE                                                                                                                            | design_1_i/PUF_Controller_0/inst/CLR                                                                                                                  |                1 |              1 |         1.00 |
|  design_1_i/Test_CRO_0/inst/Q_10_1                      | design_1_i/PUF_Controller_0/inst/CE                                                                                                                            | design_1_i/PUF_Controller_0/inst/CLR                                                                                                                  |                1 |              1 |         1.00 |
|  design_1_i/Test_CRO_0/inst/Q_11_1                      | design_1_i/PUF_Controller_0/inst/CE                                                                                                                            | design_1_i/PUF_Controller_0/inst/CLR                                                                                                                  |                1 |              1 |         1.00 |
|  design_1_i/Test_CRO_0/inst/Q_14_1                      | design_1_i/PUF_Controller_0/inst/CE                                                                                                                            | design_1_i/PUF_Controller_0/inst/CLR                                                                                                                  |                1 |              1 |         1.00 |
|  design_1_i/Test_CRO_0/inst/Q_12_1                      | design_1_i/PUF_Controller_0/inst/CE                                                                                                                            | design_1_i/PUF_Controller_0/inst/CLR                                                                                                                  |                1 |              1 |         1.00 |
|  design_1_i/Test_CRO_0/inst/Q_13_1                      | design_1_i/PUF_Controller_0/inst/CE                                                                                                                            | design_1_i/PUF_Controller_0/inst/CLR                                                                                                                  |                1 |              1 |         1.00 |
|  design_1_i/Test_CRO_0/inst/Q_5_1                       | design_1_i/PUF_Controller_0/inst/CE                                                                                                                            | design_1_i/PUF_Controller_0/inst/CLR                                                                                                                  |                1 |              1 |         1.00 |
|  design_1_i/Test_CRO_0/inst/Q_6_1                       | design_1_i/PUF_Controller_0/inst/CE                                                                                                                            | design_1_i/PUF_Controller_0/inst/CLR                                                                                                                  |                1 |              1 |         1.00 |
|  design_1_i/Test_CRO_0/inst/to_counter                  | design_1_i/PUF_Controller_0/inst/CE                                                                                                                            | design_1_i/PUF_Controller_0/inst/CLR                                                                                                                  |                1 |              1 |         1.00 |
|  design_1_i/Test_CRO_0/inst/Q_4_1                       | design_1_i/PUF_Controller_0/inst/CE                                                                                                                            | design_1_i/PUF_Controller_0/inst/CLR                                                                                                                  |                1 |              1 |         1.00 |
|  design_1_i/Test_CRO_0/inst/Q_3_1                       | design_1_i/PUF_Controller_0/inst/CE                                                                                                                            | design_1_i/PUF_Controller_0/inst/CLR                                                                                                                  |                1 |              1 |         1.00 |
|  design_1_i/Test_CRO_0/inst/Q_7_1                       | design_1_i/PUF_Controller_0/inst/CE                                                                                                                            | design_1_i/PUF_Controller_0/inst/CLR                                                                                                                  |                1 |              1 |         1.00 |
|  design_1_i/Test_CRO_0/inst/Q_8_1                       | design_1_i/PUF_Controller_0/inst/CE                                                                                                                            | design_1_i/PUF_Controller_0/inst/CLR                                                                                                                  |                1 |              1 |         1.00 |
|  design_1_i/Test_CRO_0/inst/Q_9_1                       | design_1_i/PUF_Controller_0/inst/CE                                                                                                                            | design_1_i/PUF_Controller_0/inst/CLR                                                                                                                  |                1 |              1 |         1.00 |
|  design_1_i/PUF_Controller_0/inst/Finished_delayed_2CLK |                                                                                                                                                                | design_1_i/PUF_Controller_0/inst/CLR_master                                                                                                           |                1 |              1 |         1.00 |
|  design_1_i/PUF_Controller_0/inst/Q_0_1                 |                                                                                                                                                                | design_1_i/PUF_Controller_0/inst/CLR_master                                                                                                           |                1 |              1 |         1.00 |
|  design_1_i/PUF_Controller_0/inst/Cycle_finish_flag     |                                                                                                                                                                | design_1_i/PUF_Controller_0/inst/CLR_Counter                                                                                                          |                1 |              1 |         1.00 |
|  design_1_i/PUF_Controller_0/inst/Cycle_counter_bit_0_1 |                                                                                                                                                                | design_1_i/PUF_Controller_0/inst/CLR_Counter                                                                                                          |                1 |              1 |         1.00 |
|  design_1_i/processing_system7_0/inst/FCLK_CLK0         | design_1_i/ps7_0_axi_periph/s00_couplers/auto_pc/inst/gen_axilite.gen_b2s_conv.axilite_b2s/WR.aw_channel_0/aw_cmd_fsm_0/FSM_sequential_state_reg[0]_1          | design_1_i/ps7_0_axi_periph/s00_couplers/auto_pc/inst/gen_axilite.gen_b2s_conv.axilite_b2s/WR.aw_channel_0/aw_cmd_fsm_0/FSM_sequential_state_reg[0]_0 |                1 |              1 |         1.00 |
|  design_1_i/processing_system7_0/inst/FCLK_CLK0         | design_1_i/Counter_latch_0/inst/CE_2                                                                                                                           | design_1_i/axi_gpio_5/U0/gpio_core_1/gpio_io_o[0]                                                                                                     |                1 |              1 |         1.00 |
|  design_1_i/processing_system7_0/inst/FCLK_CLK0         | design_1_i/PUF_Controller_0/inst/CE_reponse_reg_0                                                                                                              |                                                                                                                                                       |                1 |              1 |         1.00 |
|  design_1_i/processing_system7_0/inst/FCLK_CLK0         | design_1_i/PUF_Controller_0/inst/CE_reponse_reg_1                                                                                                              |                                                                                                                                                       |                1 |              1 |         1.00 |
|  design_1_i/processing_system7_0/inst/FCLK_CLK0         | design_1_i/Counter_latch_0/inst/CE_0                                                                                                                           | design_1_i/axi_gpio_5/U0/gpio_core_1/gpio_io_o[0]                                                                                                     |                1 |              1 |         1.00 |
|  design_1_i/processing_system7_0/inst/FCLK_CLK0         | design_1_i/PUF_Controller_0/inst/CE_reponse_reg_2                                                                                                              |                                                                                                                                                       |                1 |              1 |         1.00 |
|  design_1_i/processing_system7_0/inst/FCLK_CLK0         | design_1_i/Counter_latch_0/inst/CE_1                                                                                                                           | design_1_i/axi_gpio_5/U0/gpio_core_1/gpio_io_o[0]                                                                                                     |                1 |              1 |         1.00 |
|  design_1_i/processing_system7_0/inst/FCLK_CLK0         | design_1_i/ps7_0_axi_periph/s00_couplers/auto_pc/inst/gen_axilite.gen_b2s_conv.axilite_b2s/WR.b_channel_0/bid_fifo_0/sel                                       |                                                                                                                                                       |                1 |              2 |         2.00 |
|  design_1_i/processing_system7_0/inst/FCLK_CLK0         | design_1_i/axi_gpio_5/U0/AXI_LITE_IPIF_I/I_SLAVE_ATTACHMENT/bus2ip_addr_i[8]_i_1_n_0                                                                           | design_1_i/axi_gpio_5/U0/AXI_LITE_IPIF_I/I_SLAVE_ATTACHMENT/SS[0]                                                                                     |                1 |              4 |         4.00 |
|  design_1_i/processing_system7_0/inst/FCLK_CLK0         |                                                                                                                                                                | design_1_i/ps7_0_axi_periph/s00_couplers/auto_pc/inst/gen_axilite.gen_b2s_conv.axilite_b2s/SI_REG/aw.aw_pipe/aresetn_d_reg[0]_0                       |                3 |              4 |         1.33 |
|  design_1_i/processing_system7_0/inst/FCLK_CLK0         | design_1_i/axi_gpio_5/U0/AXI_LITE_IPIF_I/I_SLAVE_ATTACHMENT/start2                                                                                             | design_1_i/axi_gpio_5/U0/AXI_LITE_IPIF_I/I_SLAVE_ATTACHMENT/I_DECODER/cs_ce_clr                                                                       |                1 |              4 |         4.00 |
|  design_1_i/processing_system7_0/inst/FCLK_CLK0         |                                                                                                                                                                | design_1_i/axi_gpio_0/U0/AXI_LITE_IPIF_I/I_SLAVE_ATTACHMENT/clear                                                                                     |                1 |              4 |         4.00 |
|  design_1_i/processing_system7_0/inst/FCLK_CLK0         |                                                                                                                                                                | design_1_i/axi_gpio_1/U0/AXI_LITE_IPIF_I/I_SLAVE_ATTACHMENT/clear                                                                                     |                1 |              4 |         4.00 |
|  design_1_i/processing_system7_0/inst/FCLK_CLK0         | design_1_i/ps7_0_axi_periph/s00_couplers/auto_pc/inst/gen_axilite.gen_b2s_conv.axilite_b2s/RD.ar_channel_0/ar_cmd_fsm_0/m_axi_arready_2                        | design_1_i/ps7_0_axi_periph/s00_couplers/auto_pc/inst/gen_axilite.gen_b2s_conv.axilite_b2s/RD.ar_channel_0/ar_cmd_fsm_0/FSM_sequential_state_reg[1]_0 |                2 |              4 |         2.00 |
|  design_1_i/processing_system7_0/inst/FCLK_CLK0         |                                                                                                                                                                | design_1_i/axi_gpio_12/U0/AXI_LITE_IPIF_I/I_SLAVE_ATTACHMENT/clear                                                                                    |                1 |              4 |         4.00 |
|  design_1_i/processing_system7_0/inst/FCLK_CLK0         |                                                                                                                                                                | design_1_i/axi_gpio_13/U0/AXI_LITE_IPIF_I/I_SLAVE_ATTACHMENT/clear                                                                                    |                1 |              4 |         4.00 |
|  design_1_i/processing_system7_0/inst/FCLK_CLK0         |                                                                                                                                                                | design_1_i/axi_gpio_2/U0/AXI_LITE_IPIF_I/I_SLAVE_ATTACHMENT/clear                                                                                     |                1 |              4 |         4.00 |
|  design_1_i/processing_system7_0/inst/FCLK_CLK0         |                                                                                                                                                                | design_1_i/axi_gpio_3/U0/AXI_LITE_IPIF_I/I_SLAVE_ATTACHMENT/clear                                                                                     |                1 |              4 |         4.00 |
|  design_1_i/processing_system7_0/inst/FCLK_CLK0         |                                                                                                                                                                | design_1_i/axi_gpio_4/U0/AXI_LITE_IPIF_I/I_SLAVE_ATTACHMENT/clear                                                                                     |                1 |              4 |         4.00 |
|  design_1_i/processing_system7_0/inst/FCLK_CLK0         |                                                                                                                                                                | design_1_i/axi_gpio_5/U0/AXI_LITE_IPIF_I/I_SLAVE_ATTACHMENT/clear                                                                                     |                1 |              4 |         4.00 |
|  design_1_i/processing_system7_0/inst/FCLK_CLK0         |                                                                                                                                                                | design_1_i/ps7_0_axi_periph/s00_couplers/auto_pc/inst/gen_axilite.gen_b2s_conv.axilite_b2s/SI_REG/ar.ar_pipe/aresetn_d_reg[1]_inv_0                   |                2 |              4 |         2.00 |
|  design_1_i/processing_system7_0/inst/FCLK_CLK0         |                                                                                                                                                                | design_1_i/rst_ps7_0_100M/U0/EXT_LPF/lpf_int                                                                                                          |                3 |              4 |         1.33 |
|  design_1_i/processing_system7_0/inst/FCLK_CLK0         | design_1_i/axi_gpio_0/U0/AXI_LITE_IPIF_I/I_SLAVE_ATTACHMENT/bus2ip_addr_i[8]_i_1_n_0                                                                           | design_1_i/axi_gpio_0/U0/AXI_LITE_IPIF_I/I_SLAVE_ATTACHMENT/SR[0]                                                                                     |                1 |              4 |         4.00 |
|  design_1_i/processing_system7_0/inst/FCLK_CLK0         | design_1_i/axi_gpio_0/U0/AXI_LITE_IPIF_I/I_SLAVE_ATTACHMENT/start2                                                                                             | design_1_i/axi_gpio_0/U0/AXI_LITE_IPIF_I/I_SLAVE_ATTACHMENT/I_DECODER/cs_ce_clr                                                                       |                1 |              4 |         4.00 |
|  design_1_i/processing_system7_0/inst/FCLK_CLK0         | design_1_i/axi_gpio_1/U0/AXI_LITE_IPIF_I/I_SLAVE_ATTACHMENT/bus2ip_addr_i[8]_i_1_n_0                                                                           | design_1_i/axi_gpio_1/U0/AXI_LITE_IPIF_I/I_SLAVE_ATTACHMENT/SS[0]                                                                                     |                1 |              4 |         4.00 |
|  design_1_i/processing_system7_0/inst/FCLK_CLK0         | design_1_i/axi_gpio_1/U0/AXI_LITE_IPIF_I/I_SLAVE_ATTACHMENT/start2                                                                                             | design_1_i/axi_gpio_1/U0/AXI_LITE_IPIF_I/I_SLAVE_ATTACHMENT/I_DECODER/cs_ce_clr                                                                       |                1 |              4 |         4.00 |
|  design_1_i/processing_system7_0/inst/FCLK_CLK0         | design_1_i/axi_gpio_12/U0/AXI_LITE_IPIF_I/I_SLAVE_ATTACHMENT/bus2ip_addr_i[8]_i_1_n_0                                                                          | design_1_i/axi_gpio_12/U0/AXI_LITE_IPIF_I/I_SLAVE_ATTACHMENT/SS[0]                                                                                    |                1 |              4 |         4.00 |
|  design_1_i/processing_system7_0/inst/FCLK_CLK0         | design_1_i/axi_gpio_12/U0/AXI_LITE_IPIF_I/I_SLAVE_ATTACHMENT/start2                                                                                            | design_1_i/axi_gpio_12/U0/AXI_LITE_IPIF_I/I_SLAVE_ATTACHMENT/I_DECODER/cs_ce_clr                                                                      |                1 |              4 |         4.00 |
|  design_1_i/processing_system7_0/inst/FCLK_CLK0         | design_1_i/axi_gpio_13/U0/AXI_LITE_IPIF_I/I_SLAVE_ATTACHMENT/bus2ip_addr_i[8]_i_1_n_0                                                                          | design_1_i/axi_gpio_13/U0/AXI_LITE_IPIF_I/I_SLAVE_ATTACHMENT/SR[0]                                                                                    |                1 |              4 |         4.00 |
|  design_1_i/processing_system7_0/inst/FCLK_CLK0         | design_1_i/axi_gpio_13/U0/AXI_LITE_IPIF_I/I_SLAVE_ATTACHMENT/start2                                                                                            | design_1_i/axi_gpio_13/U0/AXI_LITE_IPIF_I/I_SLAVE_ATTACHMENT/I_DECODER/cs_ce_clr                                                                      |                1 |              4 |         4.00 |
|  design_1_i/processing_system7_0/inst/FCLK_CLK0         | design_1_i/axi_gpio_2/U0/AXI_LITE_IPIF_I/I_SLAVE_ATTACHMENT/bus2ip_addr_i[8]_i_1_n_0                                                                           | design_1_i/axi_gpio_2/U0/AXI_LITE_IPIF_I/I_SLAVE_ATTACHMENT/SS[0]                                                                                     |                1 |              4 |         4.00 |
|  design_1_i/processing_system7_0/inst/FCLK_CLK0         | design_1_i/axi_gpio_2/U0/AXI_LITE_IPIF_I/I_SLAVE_ATTACHMENT/start2                                                                                             | design_1_i/axi_gpio_2/U0/AXI_LITE_IPIF_I/I_SLAVE_ATTACHMENT/I_DECODER/cs_ce_clr                                                                       |                1 |              4 |         4.00 |
|  design_1_i/processing_system7_0/inst/FCLK_CLK0         | design_1_i/axi_gpio_3/U0/AXI_LITE_IPIF_I/I_SLAVE_ATTACHMENT/start2                                                                                             | design_1_i/axi_gpio_3/U0/AXI_LITE_IPIF_I/I_SLAVE_ATTACHMENT/I_DECODER/cs_ce_clr                                                                       |                1 |              4 |         4.00 |
|  design_1_i/processing_system7_0/inst/FCLK_CLK0         | design_1_i/axi_gpio_3/U0/AXI_LITE_IPIF_I/I_SLAVE_ATTACHMENT/bus2ip_addr_i[8]_i_1_n_0                                                                           | design_1_i/axi_gpio_3/U0/AXI_LITE_IPIF_I/I_SLAVE_ATTACHMENT/SS[0]                                                                                     |                1 |              4 |         4.00 |
|  design_1_i/processing_system7_0/inst/FCLK_CLK0         | design_1_i/axi_gpio_4/U0/AXI_LITE_IPIF_I/I_SLAVE_ATTACHMENT/bus2ip_addr_i[8]_i_1_n_0                                                                           | design_1_i/axi_gpio_4/U0/AXI_LITE_IPIF_I/I_SLAVE_ATTACHMENT/SS[0]                                                                                     |                1 |              4 |         4.00 |
|  design_1_i/processing_system7_0/inst/FCLK_CLK0         | design_1_i/axi_gpio_4/U0/AXI_LITE_IPIF_I/I_SLAVE_ATTACHMENT/start2                                                                                             | design_1_i/axi_gpio_4/U0/AXI_LITE_IPIF_I/I_SLAVE_ATTACHMENT/I_DECODER/cs_ce_clr                                                                       |                1 |              4 |         4.00 |
|  design_1_i/processing_system7_0/inst/FCLK_CLK0         | design_1_i/ps7_0_axi_periph/s00_couplers/auto_pc/inst/gen_axilite.gen_b2s_conv.axilite_b2s/RD.r_channel_0/transaction_fifo_0/cnt_read[4]_i_1_n_0               | design_1_i/ps7_0_axi_periph/s00_couplers/auto_pc/inst/gen_axilite.gen_b2s_conv.axilite_b2s/areset_d1                                                  |                2 |              5 |         2.50 |
|  design_1_i/processing_system7_0/inst/FCLK_CLK0         | design_1_i/ps7_0_axi_periph/s00_couplers/auto_pc/inst/gen_axilite.gen_b2s_conv.axilite_b2s/RD.r_channel_0/rd_data_fifo_0/cnt_read[4]_i_1__0_n_0                | design_1_i/ps7_0_axi_periph/s00_couplers/auto_pc/inst/gen_axilite.gen_b2s_conv.axilite_b2s/areset_d1                                                  |                2 |              5 |         2.50 |
|  design_1_i/processing_system7_0/inst/FCLK_CLK0         | design_1_i/rst_ps7_0_100M/U0/SEQ/seq_cnt_en                                                                                                                    | design_1_i/rst_ps7_0_100M/U0/SEQ/SEQ_COUNTER/clear                                                                                                    |                1 |              6 |         6.00 |
|  design_1_i/processing_system7_0/inst/FCLK_CLK0         | design_1_i/ps7_0_axi_periph/s00_couplers/auto_pc/inst/gen_axilite.gen_b2s_conv.axilite_b2s/WR.b_channel_0/mhandshake_r                                         | design_1_i/ps7_0_axi_periph/s00_couplers/auto_pc/inst/gen_axilite.gen_b2s_conv.axilite_b2s/WR.b_channel_0/bid_fifo_0/SR[0]                            |                2 |              8 |         4.00 |
|  design_1_i/processing_system7_0/inst/FCLK_CLK0         |                                                                                                                                                                | design_1_i/ps7_0_axi_periph/s00_couplers/auto_pc/inst/gen_axilite.gen_b2s_conv.axilite_b2s/areset_d1                                                  |                5 |             10 |         2.00 |
|  design_1_i/processing_system7_0/inst/FCLK_CLK0         | design_1_i/ps7_0_axi_periph/s00_couplers/auto_pc/inst/gen_axilite.gen_b2s_conv.axilite_b2s/RD.ar_channel_0/ar_cmd_fsm_0/E[0]                                   |                                                                                                                                                       |                6 |             12 |         2.00 |
|  design_1_i/processing_system7_0/inst/FCLK_CLK0         | design_1_i/ps7_0_axi_periph/s00_couplers/auto_pc/inst/gen_axilite.gen_b2s_conv.axilite_b2s/WR.aw_channel_0/aw_cmd_fsm_0/m_valid_i_reg[0]                       |                                                                                                                                                       |                5 |             12 |         2.40 |
|  design_1_i/processing_system7_0/inst/FCLK_CLK0         | design_1_i/ps7_0_axi_periph/s00_couplers/auto_pc/inst/gen_axilite.gen_b2s_conv.axilite_b2s/WR.aw_channel_0/cmd_translator_0/incr_cmd_0/axaddr_incr[11]_i_1_n_0 |                                                                                                                                                       |                2 |             12 |         6.00 |
|  design_1_i/processing_system7_0/inst/FCLK_CLK0         | design_1_i/ps7_0_axi_periph/s00_couplers/auto_pc/inst/gen_axilite.gen_b2s_conv.axilite_b2s/RD.ar_channel_0/ar_cmd_fsm_0/sel_first_reg[0]                       |                                                                                                                                                       |                3 |             12 |         4.00 |
|  design_1_i/processing_system7_0/inst/FCLK_CLK0         | design_1_i/ps7_0_axi_periph/s00_couplers/auto_pc/inst/gen_axilite.gen_b2s_conv.axilite_b2s/RD.r_channel_0/r_push_r                                             |                                                                                                                                                       |                4 |             13 |         3.25 |
|  design_1_i/processing_system7_0/inst/FCLK_CLK0         | design_1_i/ps7_0_axi_periph/s00_couplers/auto_pc/inst/gen_axilite.gen_b2s_conv.axilite_b2s/SI_REG/b.b_pipe/s_ready_i_reg_0                                     |                                                                                                                                                       |                2 |             14 |         7.00 |
|  design_1_i/processing_system7_0/inst/FCLK_CLK0         | design_1_i/ps7_0_axi_periph/s00_couplers/auto_pc/inst/gen_axilite.gen_b2s_conv.axilite_b2s/SI_REG/b.b_pipe/p_1_in                                              |                                                                                                                                                       |                2 |             14 |         7.00 |
|  design_1_i/processing_system7_0/inst/FCLK_CLK0         | design_1_i/ps7_0_axi_periph/xbar/inst/gen_sasd.crossbar_sasd_0/reg_slice_r/aa_rready                                                                           |                                                                                                                                                       |                7 |             15 |         2.14 |
|  design_1_i/processing_system7_0/inst/FCLK_CLK0         | design_1_i/ps7_0_axi_periph/s00_couplers/auto_pc/inst/gen_axilite.gen_b2s_conv.axilite_b2s/WR.aw_channel_0/aw_cmd_fsm_0/m_axi_awready_0                        |                                                                                                                                                       |                3 |             16 |         5.33 |
|  design_1_i/processing_system7_0/inst/FCLK_CLK0         |                                                                                                                                                                | design_1_i/ps7_0_axi_periph/xbar/inst/gen_sasd.crossbar_sasd_0/addr_arbiter_inst/SR[0]                                                                |                8 |             17 |         2.12 |
|  design_1_i/processing_system7_0/inst/FCLK_CLK0         | design_1_i/ps7_0_axi_periph/xbar/inst/gen_sasd.crossbar_sasd_0/addr_arbiter_inst/p_0_in1_in                                                                    | design_1_i/ps7_0_axi_periph/xbar/inst/gen_sasd.crossbar_sasd_0/addr_arbiter_inst/SR[0]                                                                |                9 |             19 |         2.11 |
|  design_1_i/processing_system7_0/inst/FCLK_CLK0         |                                                                                                                                                                | design_1_i/axi_gpio_1/U0/AXI_LITE_IPIF_I/I_SLAVE_ATTACHMENT/SS[0]                                                                                     |                7 |             20 |         2.86 |
|  design_1_i/processing_system7_0/inst/FCLK_CLK0         |                                                                                                                                                                | design_1_i/axi_gpio_3/U0/AXI_LITE_IPIF_I/I_SLAVE_ATTACHMENT/SS[0]                                                                                     |                7 |             20 |         2.86 |
|  design_1_i/processing_system7_0/inst/FCLK_CLK0         |                                                                                                                                                                | design_1_i/axi_gpio_2/U0/AXI_LITE_IPIF_I/I_SLAVE_ATTACHMENT/SS[0]                                                                                     |                7 |             20 |         2.86 |
|  design_1_i/processing_system7_0/inst/FCLK_CLK0         |                                                                                                                                                                | design_1_i/axi_gpio_5/U0/AXI_LITE_IPIF_I/I_SLAVE_ATTACHMENT/SS[0]                                                                                     |                6 |             20 |         3.33 |
|  design_1_i/processing_system7_0/inst/FCLK_CLK0         |                                                                                                                                                                | design_1_i/axi_gpio_4/U0/AXI_LITE_IPIF_I/I_SLAVE_ATTACHMENT/SS[0]                                                                                     |                5 |             20 |         4.00 |
|  design_1_i/processing_system7_0/inst/FCLK_CLK0         |                                                                                                                                                                | design_1_i/axi_gpio_12/U0/AXI_LITE_IPIF_I/I_SLAVE_ATTACHMENT/SS[0]                                                                                    |                7 |             20 |         2.86 |
|  design_1_i/processing_system7_0/inst/FCLK_CLK0         | design_1_i/ps7_0_axi_periph/s00_couplers/auto_pc/inst/gen_axilite.gen_b2s_conv.axilite_b2s/RD.ar_channel_0/ar_cmd_fsm_0/m_axi_arready_2                        |                                                                                                                                                       |                8 |             21 |         2.62 |
|  design_1_i/processing_system7_0/inst/FCLK_CLK0         | design_1_i/ps7_0_axi_periph/s00_couplers/auto_pc/inst/gen_axilite.gen_b2s_conv.axilite_b2s/WR.aw_channel_0/aw_cmd_fsm_0/FSM_sequential_state_reg[0]_1          |                                                                                                                                                       |               10 |             24 |         2.40 |
|  design_1_i/processing_system7_0/inst/FCLK_CLK0         |                                                                                                                                                                | design_1_i/axi_gpio_13/U0/gpio_core_1/Read_Reg_Rst__0                                                                                                 |                7 |             32 |         4.57 |
|  design_1_i/processing_system7_0/inst/FCLK_CLK0         | design_1_i/axi_gpio_13/U0/AXI_LITE_IPIF_I/I_SLAVE_ATTACHMENT/I_DECODER/E[0]                                                                                    | design_1_i/axi_gpio_13/U0/AXI_LITE_IPIF_I/I_SLAVE_ATTACHMENT/SR[0]                                                                                    |               10 |             32 |         3.20 |
|  design_1_i/processing_system7_0/inst/FCLK_CLK0         | design_1_i/axi_gpio_13/U0/AXI_LITE_IPIF_I/I_SLAVE_ATTACHMENT/s_axi_rresp_i                                                                                     | design_1_i/axi_gpio_13/U0/AXI_LITE_IPIF_I/I_SLAVE_ATTACHMENT/SR[0]                                                                                    |                7 |             32 |         4.57 |
|  design_1_i/processing_system7_0/inst/FCLK_CLK0         | design_1_i/axi_gpio_0/U0/AXI_LITE_IPIF_I/I_SLAVE_ATTACHMENT/I_DECODER/E[0]                                                                                     | design_1_i/axi_gpio_0/U0/AXI_LITE_IPIF_I/I_SLAVE_ATTACHMENT/SR[0]                                                                                     |                9 |             32 |         3.56 |
|  design_1_i/processing_system7_0/inst/FCLK_CLK0         | design_1_i/axi_gpio_0/U0/AXI_LITE_IPIF_I/I_SLAVE_ATTACHMENT/s_axi_rresp_i                                                                                      | design_1_i/axi_gpio_0/U0/AXI_LITE_IPIF_I/I_SLAVE_ATTACHMENT/SR[0]                                                                                     |               12 |             32 |         2.67 |
|  design_1_i/processing_system7_0/inst/FCLK_CLK0         |                                                                                                                                                                | design_1_i/axi_gpio_0/U0/gpio_core_1/Read_Reg_Rst__0                                                                                                  |                8 |             32 |         4.00 |
|  design_1_i/processing_system7_0/inst/FCLK_CLK0         | design_1_i/ps7_0_axi_periph/s00_couplers/auto_pc/inst/gen_axilite.gen_b2s_conv.axilite_b2s/RD.r_channel_0/rd_data_fifo_0/wr_en0                                |                                                                                                                                                       |                9 |             34 |         3.78 |
|  design_1_i/processing_system7_0/inst/FCLK_CLK0         | design_1_i/ps7_0_axi_periph/xbar/inst/gen_sasd.crossbar_sasd_0/addr_arbiter_inst/E[0]                                                                          |                                                                                                                                                       |               10 |             35 |         3.50 |
|  design_1_i/processing_system7_0/inst/FCLK_CLK0         |                                                                                                                                                                | design_1_i/axi_gpio_0/U0/AXI_LITE_IPIF_I/I_SLAVE_ATTACHMENT/SR[0]                                                                                     |               16 |             47 |         2.94 |
|  design_1_i/processing_system7_0/inst/FCLK_CLK0         | design_1_i/ps7_0_axi_periph/s00_couplers/auto_pc/inst/gen_axilite.gen_b2s_conv.axilite_b2s/SI_REG/r.r_pipe/s_ready_i_reg_0                                     |                                                                                                                                                       |                8 |             47 |         5.88 |
|  design_1_i/processing_system7_0/inst/FCLK_CLK0         |                                                                                                                                                                | design_1_i/axi_gpio_13/U0/AXI_LITE_IPIF_I/I_SLAVE_ATTACHMENT/SR[0]                                                                                    |               14 |             47 |         3.36 |
|  design_1_i/processing_system7_0/inst/FCLK_CLK0         | design_1_i/ps7_0_axi_periph/s00_couplers/auto_pc/inst/gen_axilite.gen_b2s_conv.axilite_b2s/SI_REG/r.r_pipe/p_1_in                                              |                                                                                                                                                       |                7 |             47 |         6.71 |
|  design_1_i/processing_system7_0/inst/FCLK_CLK0         | design_1_i/ps7_0_axi_periph/s00_couplers/auto_pc/inst/gen_axilite.gen_b2s_conv.axilite_b2s/SI_REG/ar.ar_pipe/s_ready_i_reg_0                                   |                                                                                                                                                       |               13 |             48 |         3.69 |
|  design_1_i/processing_system7_0/inst/FCLK_CLK0         | design_1_i/ps7_0_axi_periph/s00_couplers/auto_pc/inst/gen_axilite.gen_b2s_conv.axilite_b2s/SI_REG/aw.aw_pipe/s_ready_i_reg_0                                   |                                                                                                                                                       |               11 |             48 |         4.36 |
|  design_1_i/processing_system7_0/inst/FCLK_CLK0         | design_1_i/ps7_0_axi_periph/s00_couplers/auto_pc/inst/gen_axilite.gen_b2s_conv.axilite_b2s/RD.ar_channel_0/ar_cmd_fsm_0/m_valid_i_reg[0]                       |                                                                                                                                                       |               11 |             48 |         4.36 |
|  design_1_i/processing_system7_0/inst/FCLK_CLK0         | design_1_i/ps7_0_axi_periph/s00_couplers/auto_pc/inst/gen_axilite.gen_b2s_conv.axilite_b2s/WR.aw_channel_0/aw_cmd_fsm_0/E[0]                                   |                                                                                                                                                       |               10 |             48 |         4.80 |
|  design_1_i/processing_system7_0/inst/FCLK_CLK0         |                                                                                                                                                                |                                                                                                                                                       |               78 |            207 |         2.65 |
+---------------------------------------------------------+----------------------------------------------------------------------------------------------------------------------------------------------------------------+-------------------------------------------------------------------------------------------------------------------------------------------------------+------------------+----------------+--------------+


